[2018-05-22 16:39:12] app.ERROR: Symfony\Component\HttpKernel\Exception\NotFoundHttpException: No route found for "GET /" (uncaught exception) at /home/huynq12/projects/github/icovn/topica-code-challenge/php-laravel-moodle/icovn-silex/vendor/symfony/http-kernel/EventListener/RouterListener.php line 139 {"exception":"[object] (Symfony\\Component\\HttpKernel\\Exception\\NotFoundHttpException(code: 0): No route found for \"GET /\" at /home/huynq12/projects/github/icovn/topica-code-challenge/php-laravel-moodle/icovn-silex/vendor/symfony/http-kernel/EventListener/RouterListener.php:139, Symfony\\Component\\Routing\\Exception\\NoConfigurationException(code: 0):  at /home/huynq12/projects/github/icovn/topica-code-challenge/php-laravel-moodle/icovn-silex/vendor/symfony/routing/Matcher/UrlMatcher.php:80)"} []
[2018-05-22 16:39:12] app.DEBUG: < 404 [] []
[2018-05-22 16:40:21] app.ERROR: Symfony\Component\HttpKernel\Exception\NotFoundHttpException: No route found for "GET /" (uncaught exception) at /home/huynq12/projects/github/icovn/topica-code-challenge/php-laravel-moodle/icovn-silex/vendor/symfony/http-kernel/EventListener/RouterListener.php line 139 {"exception":"[object] (Symfony\\Component\\HttpKernel\\Exception\\NotFoundHttpException(code: 0): No route found for \"GET /\" at /home/huynq12/projects/github/icovn/topica-code-challenge/php-laravel-moodle/icovn-silex/vendor/symfony/http-kernel/EventListener/RouterListener.php:139, Symfony\\Component\\Routing\\Exception\\NoConfigurationException(code: 0):  at /home/huynq12/projects/github/icovn/topica-code-challenge/php-laravel-moodle/icovn-silex/vendor/symfony/routing/Matcher/UrlMatcher.php:80)"} []
[2018-05-22 16:40:21] app.DEBUG: < 404 [] []
[2018-05-22 16:40:29] app.ERROR: Symfony\Component\HttpKernel\Exception\NotFoundHttpException: No route found for "GET /" (uncaught exception) at /home/huynq12/projects/github/icovn/topica-code-challenge/php-laravel-moodle/icovn-silex/vendor/symfony/http-kernel/EventListener/RouterListener.php line 139 {"exception":"[object] (Symfony\\Component\\HttpKernel\\Exception\\NotFoundHttpException(code: 0): No route found for \"GET /\" at /home/huynq12/projects/github/icovn/topica-code-challenge/php-laravel-moodle/icovn-silex/vendor/symfony/http-kernel/EventListener/RouterListener.php:139, Symfony\\Component\\Routing\\Exception\\NoConfigurationException(code: 0):  at /home/huynq12/projects/github/icovn/topica-code-challenge/php-laravel-moodle/icovn-silex/vendor/symfony/routing/Matcher/UrlMatcher.php:80)"} []
[2018-05-22 16:40:29] app.DEBUG: < 404 [] []
[2018-05-22 16:40:53] app.INFO: Matched route "{route}". {"route":"GET_hello_name","route_parameters":{"_controller":"[object] (Closure: {})","name":"test","_route":"GET_hello_name"},"request_uri":"http://localhost:8000/hello/test","method":"GET"} []
[2018-05-22 16:40:53] app.DEBUG: > GET /hello/test [] []
[2018-05-22 16:40:53] app.INFO: Name test [] []
[2018-05-22 16:40:53] app.DEBUG: < 200 [] []
[2018-05-22 16:46:52] app.INFO: Matched route "{route}". {"route":"GET_hello_name","route_parameters":{"_controller":"[object] (Closure: {})","name":"test","_route":"GET_hello_name"},"request_uri":"http://localhost:8000/hello/test","method":"GET"} []
[2018-05-22 16:46:52] app.DEBUG: > GET /hello/test [] []
[2018-05-22 16:46:52] app.INFO: Name test [] []
[2018-05-22 16:46:52] app.DEBUG: < 200 [] []
[2018-05-22 16:46:57] app.INFO: Matched route "{route}". {"route":"GET_login","route_parameters":{"_controller":"[object] (Closure: {})","_route":"GET_login"},"request_uri":"http://localhost:8000/login","method":"GET"} []
[2018-05-22 16:46:57] app.DEBUG: > GET /login [] []
[2018-05-22 16:46:57] app.DEBUG: < 200 [] []
[2018-05-22 16:47:23] app.INFO: Matched route "{route}". {"route":"GET_login","route_parameters":{"_controller":"[object] (Closure: {})","_route":"GET_login"},"request_uri":"http://localhost:8000/login","method":"GET"} []
[2018-05-22 16:47:23] app.DEBUG: > GET /login [] []
[2018-05-22 16:47:23] app.DEBUG: < 200 [] []
[2018-05-22 16:47:35] app.INFO: Matched route "{route}". {"route":"GET_login","route_parameters":{"_controller":"[object] (Closure: {})","_route":"GET_login"},"request_uri":"http://localhost:8000/login","method":"GET"} []
[2018-05-22 16:47:35] app.DEBUG: > GET /login [] []
[2018-05-22 16:47:35] app.DEBUG: < 200 [] []
[2018-05-22 16:47:37] app.INFO: Matched route "{route}". {"route":"GET_login","route_parameters":{"_controller":"[object] (Closure: {})","_route":"GET_login"},"request_uri":"http://localhost:8000/login","method":"GET"} []
[2018-05-22 16:47:37] app.DEBUG: > GET /login [] []
[2018-05-22 16:47:37] app.DEBUG: < 200 [] []
[2018-05-22 16:47:38] app.INFO: Matched route "{route}". {"route":"GET_login","route_parameters":{"_controller":"[object] (Closure: {})","_route":"GET_login"},"request_uri":"http://localhost:8000/login","method":"GET"} []
[2018-05-22 16:47:38] app.DEBUG: > GET /login [] []
[2018-05-22 16:47:38] app.DEBUG: < 200 [] []
[2018-05-22 16:47:39] app.INFO: Matched route "{route}". {"route":"GET_login","route_parameters":{"_controller":"[object] (Closure: {})","_route":"GET_login"},"request_uri":"http://localhost:8000/login","method":"GET"} []
[2018-05-22 16:47:39] app.DEBUG: > GET /login [] []
[2018-05-22 16:47:39] app.DEBUG: < 200 [] []
[2018-05-22 16:47:43] app.INFO: Matched route "{route}". {"route":"GET_login","route_parameters":{"_controller":"[object] (Closure: {})","_route":"GET_login"},"request_uri":"http://localhost:8000/login","method":"GET"} []
[2018-05-22 16:47:43] app.DEBUG: > GET /login [] []
[2018-05-22 16:47:43] app.DEBUG: < 200 [] []
[2018-05-22 16:48:37] app.INFO: Matched route "{route}". {"route":"GET_login","route_parameters":{"_controller":"[object] (Closure: {})","_route":"GET_login"},"request_uri":"http://localhost:8000/login","method":"GET"} []
[2018-05-22 16:48:37] app.DEBUG: > GET /login [] []
[2018-05-22 16:48:37] app.DEBUG: < 200 [] []
[2018-05-22 16:49:32] app.INFO: Matched route "{route}". {"route":"GET_login","route_parameters":{"_controller":"[object] (Closure: {})","_route":"GET_login"},"request_uri":"http://localhost:8000/login","method":"GET"} []
[2018-05-22 16:49:32] app.DEBUG: > GET /login [] []
[2018-05-22 16:49:32] app.CRITICAL: Twig_Error_Runtime: Variable "global" does not exist. (uncaught exception) at /home/huynq12/projects/github/icovn/topica-code-challenge/php-laravel-moodle/icovn-silex/app/views/login.twig line 14 {"exception":"[object] (Twig_Error_Runtime(code: 0): Variable \"global\" does not exist. at /home/huynq12/projects/github/icovn/topica-code-challenge/php-laravel-moodle/icovn-silex/app/views/login.twig:14)"} []
[2018-05-22 16:49:32] app.DEBUG: < 500 [] []
[2018-05-22 16:58:35] app.INFO: Matched route "{route}". {"route":"GET_login","route_parameters":{"_controller":"[object] (Closure: {})","_route":"GET_login"},"request_uri":"http://localhost:8000/login","method":"GET"} []
[2018-05-22 16:58:35] app.DEBUG: > GET /login [] []
[2018-05-22 16:58:35] app.CRITICAL: Twig_Error_Runtime: Variable "global" does not exist. (uncaught exception) at /home/huynq12/projects/github/icovn/topica-code-challenge/php-laravel-moodle/icovn-silex/app/views/login.twig line 14 {"exception":"[object] (Twig_Error_Runtime(code: 0): Variable \"global\" does not exist. at /home/huynq12/projects/github/icovn/topica-code-challenge/php-laravel-moodle/icovn-silex/app/views/login.twig:14)"} []
[2018-05-22 16:58:35] app.DEBUG: < 500 [] []
[2018-05-22 16:58:39] app.INFO: Matched route "{route}". {"route":"GET_login","route_parameters":{"_controller":"[object] (Closure: {})","_route":"GET_login"},"request_uri":"http://localhost:8000/login","method":"GET"} []
[2018-05-22 16:58:39] app.DEBUG: > GET /login [] []
[2018-05-22 16:58:39] app.CRITICAL: Twig_Error_Runtime: Variable "global" does not exist. (uncaught exception) at /home/huynq12/projects/github/icovn/topica-code-challenge/php-laravel-moodle/icovn-silex/app/views/login.twig line 14 {"exception":"[object] (Twig_Error_Runtime(code: 0): Variable \"global\" does not exist. at /home/huynq12/projects/github/icovn/topica-code-challenge/php-laravel-moodle/icovn-silex/app/views/login.twig:14)"} []
[2018-05-22 16:58:39] app.DEBUG: < 500 [] []
[2018-05-22 16:58:47] app.INFO: Matched route "{route}". {"route":"GET_login","route_parameters":{"_controller":"[object] (Closure: {})","_route":"GET_login"},"request_uri":"http://localhost:8000/login","method":"GET"} []
[2018-05-22 16:58:47] app.DEBUG: > GET /login [] []
[2018-05-22 16:58:47] app.DEBUG: < 200 [] []
[2018-05-22 16:58:51] app.INFO: Matched route "{route}". {"route":"GET_","route_parameters":{"_controller":"[object] (Closure: {})","_route":"GET_"},"request_uri":"http://localhost:8000/","method":"GET"} []
[2018-05-22 16:58:51] app.DEBUG: > GET / [] []
[2018-05-22 16:58:51] app.CRITICAL: Pimple\Exception\UnknownIdentifierException: Identifier "session" is not defined. (uncaught exception) at /home/huynq12/projects/github/icovn/topica-code-challenge/php-laravel-moodle/icovn-silex/vendor/pimple/pimple/src/Pimple/Container.php line 101 {"exception":"[object] (Pimple\\Exception\\UnknownIdentifierException(code: 0): Identifier \"session\" is not defined. at /home/huynq12/projects/github/icovn/topica-code-challenge/php-laravel-moodle/icovn-silex/vendor/pimple/pimple/src/Pimple/Container.php:101)"} []
[2018-05-22 16:58:51] app.DEBUG: < 500 [] []
[2018-05-22 16:59:40] app.INFO: Matched route "{route}". {"route":"GET_","route_parameters":{"_controller":"[object] (Closure: {})","_route":"GET_"},"request_uri":"http://localhost:8000/","method":"GET"} []
[2018-05-22 16:59:40] app.DEBUG: > GET / [] []
[2018-05-22 16:59:40] app.DEBUG: < 302 /login [] []
[2018-05-22 16:59:40] app.INFO: Matched route "{route}". {"route":"GET_login","route_parameters":{"_controller":"[object] (Closure: {})","_route":"GET_login"},"request_uri":"http://localhost:8000/login","method":"GET"} []
[2018-05-22 16:59:40] app.DEBUG: > GET /login [] []
[2018-05-22 16:59:40] app.DEBUG: < 200 [] []
[2018-05-22 16:59:44] app.INFO: Matched route "{route}". {"route":"GET_","route_parameters":{"_controller":"[object] (Closure: {})","_route":"GET_"},"request_uri":"http://localhost:8000/","method":"GET"} []
[2018-05-22 16:59:44] app.DEBUG: > GET / [] []
[2018-05-22 16:59:44] app.DEBUG: < 302 /login [] []
[2018-05-22 16:59:44] app.INFO: Matched route "{route}". {"route":"GET_login","route_parameters":{"_controller":"[object] (Closure: {})","_route":"GET_login"},"request_uri":"http://localhost:8000/login","method":"GET"} []
[2018-05-22 16:59:44] app.DEBUG: > GET /login [] []
[2018-05-22 16:59:44] app.DEBUG: < 200 [] []
[2018-05-22 17:00:28] app.INFO: Matched route "{route}". {"route":"GET_login","route_parameters":{"_controller":"[object] (Closure: {})","_route":"GET_login"},"request_uri":"http://localhost:8000/login","method":"GET"} []
[2018-05-22 17:00:28] app.DEBUG: > GET /login [] []
[2018-05-22 17:00:28] app.DEBUG: < 200 [] []
[2018-05-22 17:01:23] app.INFO: Matched route "{route}". {"route":"GET_login","route_parameters":{"_controller":"[object] (Closure: {})","_route":"GET_login"},"request_uri":"http://localhost:8000/login","method":"GET"} []
[2018-05-22 17:01:23] app.DEBUG: > GET /login [] []
[2018-05-22 17:01:23] app.DEBUG: < 200 [] []
[2018-05-22 17:02:45] app.INFO: Matched route "{route}". {"route":"GET_login","route_parameters":{"_controller":"[object] (Closure: {})","_route":"GET_login"},"request_uri":"http://localhost:8000/login","method":"GET"} []
[2018-05-22 17:02:45] app.DEBUG: > GET /login [] []
[2018-05-22 17:02:45] app.DEBUG: < 200 [] []
[2018-05-22 17:02:53] app.INFO: Matched route "{route}". {"route":"GET_login","route_parameters":{"_controller":"[object] (Closure: {})","_route":"GET_login"},"request_uri":"http://localhost:8000/login","method":"GET"} []
[2018-05-22 17:02:53] app.DEBUG: > GET /login [] []
[2018-05-22 17:02:53] app.DEBUG: < 200 [] []
[2018-05-22 17:02:58] app.INFO: Matched route "{route}". {"route":"GET_","route_parameters":{"_controller":"[object] (Closure: {})","_route":"GET_"},"request_uri":"http://localhost:8000/","method":"GET"} []
[2018-05-22 17:02:58] app.DEBUG: > GET / [] []
[2018-05-22 17:02:58] app.DEBUG: < 302 /login [] []
[2018-05-22 17:02:58] app.INFO: Matched route "{route}". {"route":"GET_login","route_parameters":{"_controller":"[object] (Closure: {})","_route":"GET_login"},"request_uri":"http://localhost:8000/login","method":"GET"} []
[2018-05-22 17:02:58] app.DEBUG: > GET /login [] []
[2018-05-22 17:02:58] app.DEBUG: < 200 [] []
[2018-05-22 17:03:01] app.ERROR: Symfony\Component\HttpKernel\Exception\NotFoundHttpException: No route found for "POST /%3C" (from "http://localhost:8000/login") (uncaught exception) at /home/huynq12/projects/github/icovn/topica-code-challenge/php-laravel-moodle/icovn-silex/vendor/symfony/http-kernel/EventListener/RouterListener.php line 139 {"exception":"[object] (Symfony\\Component\\HttpKernel\\Exception\\NotFoundHttpException(code: 0): No route found for \"POST /%3C\" (from \"http://localhost:8000/login\") at /home/huynq12/projects/github/icovn/topica-code-challenge/php-laravel-moodle/icovn-silex/vendor/symfony/http-kernel/EventListener/RouterListener.php:139, Symfony\\Component\\Routing\\Exception\\ResourceNotFoundException(code: 0): No routes found for \"/%3C\". at /home/huynq12/projects/github/icovn/topica-code-challenge/php-laravel-moodle/icovn-silex/vendor/symfony/routing/Matcher/UrlMatcher.php:85)"} []
[2018-05-22 17:03:01] app.DEBUG: < 404 [] []
[2018-05-22 17:03:17] app.INFO: Matched route "{route}". {"route":"GET_login","route_parameters":{"_controller":"[object] (Closure: {})","_route":"GET_login"},"request_uri":"http://localhost:8000/login","method":"GET"} []
[2018-05-22 17:03:17] app.DEBUG: > GET /login [] []
[2018-05-22 17:03:17] app.DEBUG: < 200 [] []
[2018-05-22 17:03:19] app.INFO: Matched route "{route}". {"route":"GET_login","route_parameters":{"_controller":"[object] (Closure: {})","_route":"GET_login"},"request_uri":"http://localhost:8000/login","method":"GET"} []
[2018-05-22 17:03:19] app.DEBUG: > GET /login [] []
[2018-05-22 17:03:19] app.DEBUG: < 200 [] []
[2018-05-22 17:03:22] app.INFO: Matched route "{route}". {"route":"POST_login","route_parameters":{"_controller":"[object] (Closure: {})","_route":"POST_login"},"request_uri":"http://localhost:8000/login","method":"POST"} []
[2018-05-22 17:03:22] app.DEBUG: > POST /login [] []
[2018-05-22 17:03:22] app.DEBUG: < 200 [] []
[2018-05-22 17:03:31] app.INFO: Matched route "{route}". {"route":"POST_login","route_parameters":{"_controller":"[object] (Closure: {})","_route":"POST_login"},"request_uri":"http://localhost:8000/login","method":"POST"} []
[2018-05-22 17:03:31] app.DEBUG: > POST /login [] []
[2018-05-22 17:03:31] app.DEBUG: < 200 [] []
[2018-05-22 17:06:19] app.INFO: Matched route "{route}". {"route":"POST_login","route_parameters":{"_controller":"[object] (Closure: {})","_route":"POST_login"},"request_uri":"http://localhost:8000/login","method":"POST"} []
[2018-05-22 17:06:19] app.DEBUG: > POST /login [] []
[2018-05-22 17:06:19] app.INFO: Login nok [] []
[2018-05-22 17:06:19] app.DEBUG: < 200 [] []
[2018-05-22 17:06:22] app.INFO: Matched route "{route}". {"route":"POST_login","route_parameters":{"_controller":"[object] (Closure: {})","_route":"POST_login"},"request_uri":"http://localhost:8000/login","method":"POST"} []
[2018-05-22 17:06:22] app.DEBUG: > POST /login [] []
[2018-05-22 17:06:22] app.INFO: Login nok [] []
[2018-05-22 17:06:22] app.DEBUG: < 200 [] []
[2018-05-22 17:06:36] app.INFO: Matched route "{route}". {"route":"POST_login","route_parameters":{"_controller":"[object] (Closure: {})","_route":"POST_login"},"request_uri":"http://localhost:8000/login","method":"POST"} []
[2018-05-22 17:06:36] app.DEBUG: > POST /login [] []
[2018-05-22 17:06:36] app.INFO: Login nok [] []
[2018-05-22 17:06:36] app.DEBUG: < 200 [] []
[2018-05-22 17:07:00] app.INFO: Matched route "{route}". {"route":"POST_login","route_parameters":{"_controller":"[object] (Closure: {})","_route":"POST_login"},"request_uri":"http://localhost:8000/login","method":"POST"} []
[2018-05-22 17:07:00] app.DEBUG: > POST /login [] []
[2018-05-22 17:07:00] app.INFO: Login nok [] []
[2018-05-22 17:07:00] app.DEBUG: < 200 [] []
[2018-05-22 17:07:08] app.INFO: Matched route "{route}". {"route":"POST_login","route_parameters":{"_controller":"[object] (Closure: {})","_route":"POST_login"},"request_uri":"http://localhost:8000/login","method":"POST"} []
[2018-05-22 17:07:08] app.DEBUG: > POST /login [] []
[2018-05-22 17:07:08] app.INFO: Login nok [] []
[2018-05-22 17:07:08] app.DEBUG: < 200 [] []
[2018-05-22 17:07:26] app.INFO: Matched route "{route}". {"route":"POST_login","route_parameters":{"_controller":"[object] (Closure: {})","_route":"POST_login"},"request_uri":"http://localhost:8000/login","method":"POST"} []
[2018-05-22 17:07:26] app.DEBUG: > POST /login [] []
[2018-05-22 17:07:26] app.INFO: Login nok [] []
[2018-05-22 17:07:26] app.DEBUG: < 200 [] []
[2018-05-22 17:07:45] app.INFO: Matched route "{route}". {"route":"POST_login","route_parameters":{"_controller":"[object] (Closure: {})","_route":"POST_login"},"request_uri":"http://localhost:8000/login","method":"POST"} []
[2018-05-22 17:07:45] app.DEBUG: > POST /login [] []
[2018-05-22 17:07:45] app.INFO: Login nok [] []
[2018-05-22 17:07:45] app.DEBUG: < 200 [] []
[2018-05-22 17:07:48] app.INFO: Matched route "{route}". {"route":"GET_login","route_parameters":{"_controller":"[object] (Closure: {})","_route":"GET_login"},"request_uri":"http://localhost:8000/login","method":"GET"} []
[2018-05-22 17:07:48] app.DEBUG: > GET /login [] []
[2018-05-22 17:07:48] app.DEBUG: < 200 [] []
[2018-05-22 17:07:51] app.INFO: Matched route "{route}". {"route":"POST_login","route_parameters":{"_controller":"[object] (Closure: {})","_route":"POST_login"},"request_uri":"http://localhost:8000/login","method":"POST"} []
[2018-05-22 17:07:51] app.DEBUG: > POST /login [] []
[2018-05-22 17:07:51] app.INFO: Login nok [] []
[2018-05-22 17:07:51] app.DEBUG: < 200 [] []
[2018-05-22 17:08:19] app.ERROR: Symfony\Component\HttpKernel\Exception\MethodNotAllowedHttpException: No route found for "POST /login": Method Not Allowed (Allow: GET) (uncaught exception) at /home/huynq12/projects/github/icovn/topica-code-challenge/php-laravel-moodle/icovn-silex/vendor/symfony/http-kernel/EventListener/RouterListener.php line 143 {"exception":"[object] (Symfony\\Component\\HttpKernel\\Exception\\MethodNotAllowedHttpException(code: 0): No route found for \"POST /login\": Method Not Allowed (Allow: GET) at /home/huynq12/projects/github/icovn/topica-code-challenge/php-laravel-moodle/icovn-silex/vendor/symfony/http-kernel/EventListener/RouterListener.php:143, Symfony\\Component\\Routing\\Exception\\MethodNotAllowedException(code: 0):  at /home/huynq12/projects/github/icovn/topica-code-challenge/php-laravel-moodle/icovn-silex/vendor/symfony/routing/Matcher/UrlMatcher.php:84)"} []
[2018-05-22 17:08:19] app.DEBUG: < 405 [] []
[2018-05-22 17:08:23] app.INFO: Matched route "{route}". {"route":"GET_login","route_parameters":{"_controller":"[object] (Closure: {})","_route":"GET_login"},"request_uri":"http://localhost:8000/login","method":"GET"} []
[2018-05-22 17:08:23] app.DEBUG: > GET /login [] []
[2018-05-22 17:08:23] app.DEBUG: < 200 [] []
[2018-05-22 17:08:26] app.INFO: Matched route "{route}". {"route":"POST_signIn","route_parameters":{"_controller":"[object] (Closure: {})","_route":"POST_signIn"},"request_uri":"http://localhost:8000/signIn","method":"POST"} []
[2018-05-22 17:08:26] app.DEBUG: > POST /signIn [] []
[2018-05-22 17:08:26] app.INFO: Login nok [] []
[2018-05-22 17:08:26] app.DEBUG: < 200 [] []
[2018-05-22 17:08:42] app.INFO: Matched route "{route}". {"route":"POST_signIn","route_parameters":{"_controller":"[object] (Closure: {})","_route":"POST_signIn"},"request_uri":"http://localhost:8000/signIn","method":"POST"} []
[2018-05-22 17:08:42] app.DEBUG: > POST /signIn [] []
[2018-05-22 17:08:42] app.INFO: Login nok [] []
[2018-05-22 17:08:42] app.DEBUG: < 200 [] []
[2018-05-22 17:09:52] app.INFO: Matched route "{route}". {"route":"GET_login","route_parameters":{"_controller":"[object] (Closure: {})","_route":"GET_login"},"request_uri":"http://localhost:8000/login","method":"GET"} []
[2018-05-22 17:09:52] app.DEBUG: > GET /login [] []
[2018-05-22 17:09:52] app.DEBUG: < 200 [] []
[2018-05-22 17:09:57] app.INFO: Matched route "{route}". {"route":"POST_login","route_parameters":{"_controller":"[object] (Closure: {})","_route":"POST_login"},"request_uri":"http://localhost:8000/login","method":"POST"} []
[2018-05-22 17:09:57] app.DEBUG: > POST /login [] []
[2018-05-22 17:09:57] app.INFO: Login nok [] []
[2018-05-22 17:09:57] app.DEBUG: < 200 [] []
[2018-05-22 17:10:10] app.INFO: Matched route "{route}". {"route":"POST_login","route_parameters":{"_controller":"[object] (Closure: {})","_route":"POST_login"},"request_uri":"http://localhost:8000/login","method":"POST"} []
[2018-05-22 17:10:10] app.DEBUG: > POST /login [] []
[2018-05-22 17:10:10] app.INFO: Login nok [] []
[2018-05-22 17:10:10] app.DEBUG: < 200 [] []
[2018-05-22 17:11:23] app.INFO: Matched route "{route}". {"route":"POST_login","route_parameters":{"_controller":"[object] (Closure: {})","_route":"POST_login"},"request_uri":"http://localhost:8000/login","method":"POST"} []
[2018-05-22 17:11:23] app.DEBUG: > POST /login [] []
[2018-05-22 17:11:23] app.INFO: Login nok   [] []
[2018-05-22 17:11:23] app.DEBUG: < 200 [] []
[2018-05-22 17:12:01] app.INFO: Matched route "{route}". {"route":"POST_login","route_parameters":{"_controller":"[object] (Closure: {})","_route":"POST_login"},"request_uri":"http://localhost:8000/login","method":"POST"} []
[2018-05-22 17:12:01] app.DEBUG: > POST /login [] []
[2018-05-22 17:12:01] app.INFO: Login nnok   [] []
[2018-05-22 17:12:01] app.DEBUG: < 200 [] []
[2018-05-22 17:12:30] app.INFO: Matched route "{route}". {"route":"POST_login","route_parameters":{"_controller":"[object] (Closure: {})","_route":"POST_login"},"request_uri":"http://localhost:8000/login","method":"POST"} []
[2018-05-22 17:12:30] app.DEBUG: > POST /login [] []
[2018-05-22 17:12:30] app.INFO: Login nnok test 123 [] []
[2018-05-22 17:12:30] app.DEBUG: < 200 [] []
[2018-05-22 17:12:46] app.INFO: Matched route "{route}". {"route":"POST_login","route_parameters":{"_controller":"[object] (Closure: {})","_route":"POST_login"},"request_uri":"http://localhost:8000/login","method":"POST"} []
[2018-05-22 17:12:46] app.DEBUG: > POST /login [] []
[2018-05-22 17:12:46] app.INFO: Login ok [] []
[2018-05-22 17:12:46] app.DEBUG: < 302 / [] []
[2018-05-22 17:12:46] app.INFO: Matched route "{route}". {"route":"GET_","route_parameters":{"_controller":"[object] (Closure: {})","_route":"GET_"},"request_uri":"http://localhost:8000/","method":"GET"} []
[2018-05-22 17:12:46] app.DEBUG: > GET / [] []
[2018-05-22 17:12:46] app.DEBUG: < 200 [] []
[2018-05-22 17:13:03] app.INFO: Matched route "{route}". {"route":"GET_","route_parameters":{"_controller":"[object] (Closure: {})","_route":"GET_"},"request_uri":"http://localhost:8000/","method":"GET"} []
[2018-05-22 17:13:03] app.DEBUG: > GET / [] []
[2018-05-22 17:13:03] app.DEBUG: < 200 [] []
[2018-05-22 17:17:03] app.INFO: Matched route "{route}". {"route":"GET_","route_parameters":{"_controller":"[object] (Closure: {})","_route":"GET_"},"request_uri":"http://localhost:8000/","method":"GET"} []
[2018-05-22 17:17:03] app.DEBUG: > GET / [] []
[2018-05-22 17:17:03] app.DEBUG: < 200 [] []
[2018-05-22 17:17:04] app.INFO: Matched route "{route}". {"route":"GET_","route_parameters":{"_controller":"[object] (Closure: {})","_route":"GET_"},"request_uri":"http://localhost:8000/","method":"GET"} []
[2018-05-22 17:17:04] app.DEBUG: > GET / [] []
[2018-05-22 17:17:04] app.DEBUG: < 200 [] []
[2018-05-22 17:17:07] app.INFO: Matched route "{route}". {"route":"GET_logout","route_parameters":{"_controller":"[object] (Closure: {})","_route":"GET_logout"},"request_uri":"http://localhost:8000/logout","method":"GET"} []
[2018-05-22 17:17:07] app.DEBUG: > GET /logout [] []
[2018-05-22 17:17:07] app.DEBUG: < 302 / [] []
[2018-05-22 17:17:07] app.INFO: Matched route "{route}". {"route":"GET_","route_parameters":{"_controller":"[object] (Closure: {})","_route":"GET_"},"request_uri":"http://localhost:8000/","method":"GET"} []
[2018-05-22 17:17:07] app.DEBUG: > GET / [] []
[2018-05-22 17:17:07] app.DEBUG: < 302 /login [] []
[2018-05-22 17:17:07] app.INFO: Matched route "{route}". {"route":"GET_login","route_parameters":{"_controller":"[object] (Closure: {})","_route":"GET_login"},"request_uri":"http://localhost:8000/login","method":"GET"} []
[2018-05-22 17:17:07] app.DEBUG: > GET /login [] []
[2018-05-22 17:17:07] app.DEBUG: < 200 [] []
[2018-05-22 17:17:23] app.INFO: Matched route "{route}". {"route":"GET_login","route_parameters":{"_controller":"[object] (Closure: {})","_route":"GET_login"},"request_uri":"http://localhost:8000/login","method":"GET"} []
[2018-05-22 17:17:23] app.DEBUG: > GET /login [] []
[2018-05-22 17:17:23] app.DEBUG: < 200 [] []
[2018-05-22 17:17:28] app.INFO: Matched route "{route}". {"route":"POST_login","route_parameters":{"_controller":"[object] (Closure: {})","_route":"POST_login"},"request_uri":"http://localhost:8000/login","method":"POST"} []
[2018-05-22 17:17:28] app.DEBUG: > POST /login [] []
[2018-05-22 17:17:28] app.INFO: Login nok test 123 [] []
[2018-05-22 17:17:28] app.DEBUG: < 200 [] []
[2018-05-22 17:17:34] app.INFO: Matched route "{route}". {"route":"POST_login","route_parameters":{"_controller":"[object] (Closure: {})","_route":"POST_login"},"request_uri":"http://localhost:8000/login","method":"POST"} []
[2018-05-22 17:17:34] app.DEBUG: > POST /login [] []
[2018-05-22 17:17:34] app.INFO: Login ok [] []
[2018-05-22 17:17:34] app.DEBUG: < 302 / [] []
[2018-05-22 17:17:34] app.INFO: Matched route "{route}". {"route":"GET_","route_parameters":{"_controller":"[object] (Closure: {})","_route":"GET_"},"request_uri":"http://localhost:8000/","method":"GET"} []
[2018-05-22 17:17:34] app.DEBUG: > GET / [] []
[2018-05-22 17:17:34] app.DEBUG: < 200 [] []
[2018-05-22 17:19:36] app.INFO: Matched route "{route}". {"route":"GET_","route_parameters":{"_controller":"[object] (Closure: {})","_route":"GET_"},"request_uri":"http://localhost:8000/","method":"GET"} []
[2018-05-22 17:19:36] app.DEBUG: > GET / [] []
[2018-05-22 17:19:36] app.DEBUG: < 200 [] []
[2018-05-22 17:19:39] app.INFO: Matched route "{route}". {"route":"GET_","route_parameters":{"_controller":"[object] (Closure: {})","_route":"GET_"},"request_uri":"http://localhost:8000/","method":"GET"} []
[2018-05-22 17:19:39] app.DEBUG: > GET / [] []
[2018-05-22 17:19:39] app.DEBUG: < 302 /login [] []
[2018-05-22 17:19:39] app.INFO: Matched route "{route}". {"route":"GET_login","route_parameters":{"_controller":"[object] (Closure: {})","_route":"GET_login"},"request_uri":"http://localhost:8000/login","method":"GET"} []
[2018-05-22 17:19:39] app.DEBUG: > GET /login [] []
[2018-05-22 17:19:39] app.DEBUG: < 200 [] []
[2018-05-22 17:20:06] app.INFO: Matched route "{route}". {"route":"POST_login","route_parameters":{"_controller":"[object] (Closure: {})","_route":"POST_login"},"request_uri":"http://localhost:8000/login","method":"POST"} []
[2018-05-22 17:20:06] app.DEBUG: > POST /login [] []
[2018-05-22 17:20:06] app.INFO: Login nok test 123 [] []
[2018-05-22 17:20:06] app.DEBUG: < 200 [] []
[2018-05-22 17:20:11] app.INFO: Matched route "{route}". {"route":"POST_login","route_parameters":{"_controller":"[object] (Closure: {})","_route":"POST_login"},"request_uri":"http://localhost:8000/login","method":"POST"} []
[2018-05-22 17:20:11] app.DEBUG: > POST /login [] []
[2018-05-22 17:20:11] app.INFO: Login ok [] []
[2018-05-22 17:20:11] app.DEBUG: < 302 / [] []
[2018-05-22 17:20:11] app.INFO: Matched route "{route}". {"route":"GET_","route_parameters":{"_controller":"[object] (Closure: {})","_route":"GET_"},"request_uri":"http://localhost:8000/","method":"GET"} []
[2018-05-22 17:20:11] app.DEBUG: > GET / [] []
[2018-05-22 17:20:11] app.DEBUG: < 200 [] []
[2018-05-22 17:23:09] app.INFO: Matched route "{route}". {"route":"GET_","route_parameters":{"_controller":"[object] (Closure: {})","_route":"GET_"},"request_uri":"http://localhost:8000/","method":"GET"} []
[2018-05-22 17:23:09] app.DEBUG: > GET / [] []
[2018-05-22 17:23:09] app.DEBUG: < 302 /login [] []
[2018-05-22 17:23:09] app.INFO: Matched route "{route}". {"route":"GET_login","route_parameters":{"_controller":"[object] (Closure: {})","_route":"GET_login"},"request_uri":"http://localhost:8000/login","method":"GET"} []
[2018-05-22 17:23:09] app.DEBUG: > GET /login [] []
[2018-05-22 17:23:09] app.DEBUG: < 200 [] []
[2018-05-22 17:23:12] app.INFO: Matched route "{route}". {"route":"GET_login","route_parameters":{"_controller":"[object] (Closure: {})","_route":"GET_login"},"request_uri":"http://localhost:8000/login","method":"GET"} []
[2018-05-22 17:23:12] app.DEBUG: > GET /login [] []
[2018-05-22 17:23:12] app.DEBUG: < 200 [] []
[2018-05-22 17:23:14] app.INFO: Matched route "{route}". {"route":"GET_login","route_parameters":{"_controller":"[object] (Closure: {})","_route":"GET_login"},"request_uri":"http://localhost:8000/login","method":"GET"} []
[2018-05-22 17:23:14] app.DEBUG: > GET /login [] []
[2018-05-22 17:23:14] app.DEBUG: < 200 [] []
[2018-05-22 17:23:18] app.INFO: Matched route "{route}". {"route":"GET_login","route_parameters":{"_controller":"[object] (Closure: {})","_route":"GET_login"},"request_uri":"http://localhost:8000/login","method":"GET"} []
[2018-05-22 17:23:18] app.DEBUG: > GET /login [] []
[2018-05-22 17:23:18] app.DEBUG: < 200 [] []
[2018-05-22 17:23:19] app.INFO: Matched route "{route}". {"route":"GET_login","route_parameters":{"_controller":"[object] (Closure: {})","_route":"GET_login"},"request_uri":"http://localhost:8000/login","method":"GET"} []
[2018-05-22 17:23:19] app.DEBUG: > GET /login [] []
[2018-05-22 17:23:19] app.DEBUG: < 200 [] []
[2018-05-22 17:23:20] app.INFO: Matched route "{route}". {"route":"GET_login","route_parameters":{"_controller":"[object] (Closure: {})","_route":"GET_login"},"request_uri":"http://localhost:8000/login","method":"GET"} []
[2018-05-22 17:23:20] app.DEBUG: > GET /login [] []
[2018-05-22 17:23:20] app.DEBUG: < 200 [] []
[2018-05-22 17:23:21] app.INFO: Matched route "{route}". {"route":"GET_login","route_parameters":{"_controller":"[object] (Closure: {})","_route":"GET_login"},"request_uri":"http://localhost:8000/login","method":"GET"} []
[2018-05-22 17:23:21] app.DEBUG: > GET /login [] []
[2018-05-22 17:23:21] app.DEBUG: < 200 [] []
[2018-05-22 17:23:21] app.INFO: Matched route "{route}". {"route":"GET_login","route_parameters":{"_controller":"[object] (Closure: {})","_route":"GET_login"},"request_uri":"http://localhost:8000/login","method":"GET"} []
[2018-05-22 17:23:21] app.DEBUG: > GET /login [] []
[2018-05-22 17:23:21] app.DEBUG: < 200 [] []
[2018-05-22 17:23:42] app.INFO: Matched route "{route}". {"route":"GET_login","route_parameters":{"_controller":"[object] (Closure: {})","_route":"GET_login"},"request_uri":"http://localhost:8000/login","method":"GET"} []
[2018-05-22 17:23:42] app.DEBUG: > GET /login [] []
[2018-05-22 17:23:42] app.DEBUG: < 200 [] []
[2018-05-22 17:23:43] app.INFO: Matched route "{route}". {"route":"GET_login","route_parameters":{"_controller":"[object] (Closure: {})","_route":"GET_login"},"request_uri":"http://localhost:8000/login","method":"GET"} []
[2018-05-22 17:23:43] app.DEBUG: > GET /login [] []
[2018-05-22 17:23:43] app.DEBUG: < 200 [] []
[2018-05-22 17:24:02] app.INFO: Matched route "{route}". {"route":"GET_","route_parameters":{"_controller":"[object] (Closure: {})","_route":"GET_"},"request_uri":"http://localhost:8000/","method":"GET"} []
[2018-05-22 17:24:02] app.DEBUG: > GET / [] []
[2018-05-22 17:24:02] app.DEBUG: < 302 /login [] []
[2018-05-22 17:24:02] app.INFO: Matched route "{route}". {"route":"GET_login","route_parameters":{"_controller":"[object] (Closure: {})","_route":"GET_login"},"request_uri":"http://localhost:8000/login","method":"GET"} []
[2018-05-22 17:24:02] app.DEBUG: > GET /login [] []
[2018-05-22 17:24:02] app.DEBUG: < 200 [] []
[2018-05-22 17:24:04] app.INFO: Matched route "{route}". {"route":"GET_login","route_parameters":{"_controller":"[object] (Closure: {})","_route":"GET_login"},"request_uri":"http://localhost:8000/login","method":"GET"} []
[2018-05-22 17:24:04] app.DEBUG: > GET /login [] []
[2018-05-22 17:24:04] app.DEBUG: < 200 [] []
[2018-05-22 17:24:08] app.INFO: Matched route "{route}". {"route":"POST_login","route_parameters":{"_controller":"[object] (Closure: {})","_route":"POST_login"},"request_uri":"http://localhost:8000/login","method":"POST"} []
[2018-05-22 17:24:08] app.DEBUG: > POST /login [] []
[2018-05-22 17:24:08] app.INFO: Login nok test 123 [] []
[2018-05-22 17:24:08] app.DEBUG: < 200 [] []
[2018-05-22 17:24:11] app.INFO: Matched route "{route}". {"route":"POST_login","route_parameters":{"_controller":"[object] (Closure: {})","_route":"POST_login"},"request_uri":"http://localhost:8000/login","method":"POST"} []
[2018-05-22 17:24:11] app.DEBUG: > POST /login [] []
[2018-05-22 17:24:11] app.INFO: Login ok [] []
[2018-05-22 17:24:11] app.DEBUG: < 302 / [] []
[2018-05-22 17:24:11] app.INFO: Matched route "{route}". {"route":"GET_","route_parameters":{"_controller":"[object] (Closure: {})","_route":"GET_"},"request_uri":"http://localhost:8000/","method":"GET"} []
[2018-05-22 17:24:11] app.DEBUG: > GET / [] []
[2018-05-22 17:24:11] app.DEBUG: < 200 [] []
[2018-05-22 17:24:32] app.INFO: Matched route "{route}". {"route":"GET_","route_parameters":{"_controller":"[object] (Closure: {})","_route":"GET_"},"request_uri":"http://localhost:8000/","method":"GET"} []
[2018-05-22 17:24:32] app.DEBUG: > GET / [] []
[2018-05-22 17:24:32] app.DEBUG: < 302 /login [] []
[2018-05-22 17:24:32] app.INFO: Matched route "{route}". {"route":"GET_login","route_parameters":{"_controller":"[object] (Closure: {})","_route":"GET_login"},"request_uri":"http://localhost:8000/login","method":"GET"} []
[2018-05-22 17:24:32] app.DEBUG: > GET /login [] []
[2018-05-22 17:24:32] app.DEBUG: < 200 [] []
[2018-05-22 17:24:37] app.INFO: Matched route "{route}". {"route":"GET_login","route_parameters":{"_controller":"[object] (Closure: {})","_route":"GET_login"},"request_uri":"http://localhost:8000/login","method":"GET"} []
[2018-05-22 17:24:37] app.DEBUG: > GET /login [] []
[2018-05-22 17:24:37] app.DEBUG: < 200 [] []
[2018-05-22 17:24:41] app.INFO: Matched route "{route}". {"route":"POST_login","route_parameters":{"_controller":"[object] (Closure: {})","_route":"POST_login"},"request_uri":"http://localhost:8000/login","method":"POST"} []
[2018-05-22 17:24:41] app.DEBUG: > POST /login [] []
[2018-05-22 17:24:41] app.INFO: Login ok [] []
[2018-05-22 17:24:41] app.DEBUG: < 302 / [] []
[2018-05-22 17:24:41] app.INFO: Matched route "{route}". {"route":"GET_","route_parameters":{"_controller":"[object] (Closure: {})","_route":"GET_"},"request_uri":"http://localhost:8000/","method":"GET"} []
[2018-05-22 17:24:41] app.DEBUG: > GET / [] []
[2018-05-22 17:24:41] app.DEBUG: < 200 [] []
[2018-05-22 17:24:43] app.INFO: Matched route "{route}". {"route":"GET_","route_parameters":{"_controller":"[object] (Closure: {})","_route":"GET_"},"request_uri":"http://localhost:8000/","method":"GET"} []
[2018-05-22 17:24:43] app.DEBUG: > GET / [] []
[2018-05-22 17:24:43] app.DEBUG: < 200 [] []
[2018-05-22 17:24:43] app.INFO: Matched route "{route}". {"route":"GET_","route_parameters":{"_controller":"[object] (Closure: {})","_route":"GET_"},"request_uri":"http://localhost:8000/","method":"GET"} []
[2018-05-22 17:24:43] app.DEBUG: > GET / [] []
[2018-05-22 17:24:43] app.DEBUG: < 200 [] []
[2018-05-22 17:25:28] app.INFO: Matched route "{route}". {"route":"GET_","route_parameters":{"_controller":"[object] (Closure: {})","_route":"GET_"},"request_uri":"http://localhost:8000/","method":"GET"} []
[2018-05-22 17:25:28] app.DEBUG: > GET / [] []
[2018-05-22 17:25:28] app.DEBUG: < 302 /login [] []
[2018-05-22 17:25:28] app.INFO: Matched route "{route}". {"route":"GET_login","route_parameters":{"_controller":"[object] (Closure: {})","_route":"GET_login"},"request_uri":"http://localhost:8000/login","method":"GET"} []
[2018-05-22 17:25:28] app.DEBUG: > GET /login [] []
[2018-05-22 17:25:28] app.DEBUG: < 200 [] []
[2018-05-22 17:25:34] app.INFO: Matched route "{route}". {"route":"GET_login","route_parameters":{"_controller":"[object] (Closure: {})","_route":"GET_login"},"request_uri":"http://localhost:8000/login","method":"GET"} []
[2018-05-22 17:25:34] app.DEBUG: > GET /login [] []
[2018-05-22 17:25:34] app.DEBUG: < 200 [] []
[2018-05-22 17:25:38] app.INFO: Matched route "{route}". {"route":"POST_login","route_parameters":{"_controller":"[object] (Closure: {})","_route":"POST_login"},"request_uri":"http://localhost:8000/login","method":"POST"} []
[2018-05-22 17:25:38] app.DEBUG: > POST /login [] []
[2018-05-22 17:25:38] app.INFO: Login ok [] []
[2018-05-22 17:25:38] app.DEBUG: < 302 / [] []
[2018-05-22 17:25:38] app.INFO: Matched route "{route}". {"route":"GET_","route_parameters":{"_controller":"[object] (Closure: {})","_route":"GET_"},"request_uri":"http://localhost:8000/","method":"GET"} []
[2018-05-22 17:25:38] app.DEBUG: > GET / [] []
[2018-05-22 17:25:38] app.DEBUG: < 200 [] []
[2018-05-22 17:30:32] app.INFO: Matched route "{route}". {"route":"GET_","route_parameters":{"_controller":"[object] (Closure: {})","_route":"GET_"},"request_uri":"http://localhost:8000/","method":"GET"} []
[2018-05-22 17:30:32] app.DEBUG: > GET / [] []
[2018-05-22 17:30:32] app.DEBUG: < 200 [] []
[2018-05-22 17:30:36] app.INFO: Matched route "{route}". {"route":"GET_","route_parameters":{"_controller":"[object] (Closure: {})","_route":"GET_"},"request_uri":"http://localhost:8000/","method":"GET"} []
[2018-05-22 17:30:36] app.DEBUG: > GET / [] []
[2018-05-22 17:30:36] app.DEBUG: < 302 /login [] []
[2018-05-22 17:30:36] app.INFO: Matched route "{route}". {"route":"GET_login","route_parameters":{"_controller":"[object] (Closure: {})","_route":"GET_login"},"request_uri":"http://localhost:8000/login","method":"GET"} []
[2018-05-22 17:30:36] app.DEBUG: > GET /login [] []
[2018-05-22 17:30:36] app.DEBUG: < 200 [] []
[2018-05-22 17:30:40] app.INFO: Matched route "{route}". {"route":"POST_login","route_parameters":{"_controller":"[object] (Closure: {})","_route":"POST_login"},"request_uri":"http://localhost:8000/login","method":"POST"} []
[2018-05-22 17:30:40] app.DEBUG: > POST /login [] []
[2018-05-22 17:31:16] app.INFO: Matched route "{route}". {"route":"GET_login","route_parameters":{"_controller":"[object] (Closure: {})","_route":"GET_login"},"request_uri":"http://localhost:8000/login","method":"GET"} []
[2018-05-22 17:31:16] app.DEBUG: > GET /login [] []
[2018-05-22 17:31:16] app.DEBUG: < 200 [] []
[2018-05-22 17:31:19] app.INFO: Matched route "{route}". {"route":"POST_login","route_parameters":{"_controller":"[object] (Closure: {})","_route":"POST_login"},"request_uri":"http://localhost:8000/login","method":"POST"} []
[2018-05-22 17:31:19] app.DEBUG: > POST /login [] []
[2018-05-22 17:33:10] app.INFO: Matched route "{route}". {"route":"GET_login","route_parameters":{"_controller":"[object] (Closure: {})","_route":"GET_login"},"request_uri":"http://localhost:8000/login","method":"GET"} []
[2018-05-22 17:33:10] app.DEBUG: > GET /login [] []
[2018-05-22 17:33:10] app.DEBUG: < 200 [] []
[2018-05-22 17:33:14] app.INFO: Matched route "{route}". {"route":"POST_login","route_parameters":{"_controller":"[object] (Closure: {})","_route":"POST_login"},"request_uri":"http://localhost:8000/login","method":"POST"} []
[2018-05-22 17:33:14] app.DEBUG: > POST /login [] []
[2018-05-22 17:33:14] app.INFO: Login nok test 123 [] []
[2018-05-22 17:33:14] app.DEBUG: < 200 [] []
[2018-05-22 17:33:20] app.INFO: Matched route "{route}". {"route":"POST_login","route_parameters":{"_controller":"[object] (Closure: {})","_route":"POST_login"},"request_uri":"http://localhost:8000/login","method":"POST"} []
[2018-05-22 17:33:20] app.DEBUG: > POST /login [] []
[2018-05-22 17:33:20] app.INFO: Login nok topica 123 [] []
[2018-05-22 17:33:20] app.DEBUG: < 200 [] []
[2018-05-22 17:34:58] app.INFO: Matched route "{route}". {"route":"GET_login","route_parameters":{"_controller":"[object] (Closure: {})","_route":"GET_login"},"request_uri":"http://localhost:8000/login","method":"GET"} []
[2018-05-22 17:34:58] app.DEBUG: > GET /login [] []
[2018-05-22 17:34:58] app.DEBUG: < 200 [] []
[2018-05-22 17:40:33] app.INFO: Matched route "{route}". {"route":"GET_login","route_parameters":{"_controller":"[object] (Closure: {})","_route":"GET_login"},"request_uri":"http://localhost:8000/login","method":"GET"} []
[2018-05-22 17:40:33] app.DEBUG: > GET /login [] []
[2018-05-22 17:40:33] app.DEBUG: < 200 [] []
[2018-05-22 17:40:40] app.INFO: Matched route "{route}". {"route":"POST_login","route_parameters":{"_controller":"[object] (Closure: {})","_route":"POST_login"},"request_uri":"http://localhost:8000/login","method":"POST"} []
[2018-05-22 17:40:40] app.DEBUG: > POST /login [] []
[2018-05-22 17:40:40] app.INFO: Login nok test 123 [] []
[2018-05-22 17:40:40] app.DEBUG: < 200 [] []
[2018-05-22 17:40:47] app.INFO: Matched route "{route}". {"route":"POST_login","route_parameters":{"_controller":"[object] (Closure: {})","_route":"POST_login"},"request_uri":"http://localhost:8000/login","method":"POST"} []
[2018-05-22 17:40:47] app.DEBUG: > POST /login [] []
[2018-05-22 17:40:47] app.INFO: Login nok topica 123 [] []
[2018-05-22 17:40:47] app.DEBUG: < 200 [] []
[2018-05-22 17:41:53] app.INFO: Matched route "{route}". {"route":"POST_login","route_parameters":{"_controller":"[object] (Closure: {})","_route":"POST_login"},"request_uri":"http://localhost:8000/login","method":"POST"} []
[2018-05-22 17:41:53] app.DEBUG: > POST /login [] []
[2018-05-22 17:41:53] app.CRITICAL: Pimple\Exception\UnknownIdentifierException: Identifier "path.base" is not defined. (uncaught exception) at /home/huynq12/projects/github/icovn/topica-code-challenge/php-framework/silex/vendor/pimple/pimple/src/Pimple/Container.php line 101 {"exception":"[object] (Pimple\\Exception\\UnknownIdentifierException(code: 0): Identifier \"path.base\" is not defined. at /home/huynq12/projects/github/icovn/topica-code-challenge/php-framework/silex/vendor/pimple/pimple/src/Pimple/Container.php:101)"} []
[2018-05-22 17:41:53] app.DEBUG: < 500 [] []
[2018-05-22 17:42:58] app.INFO: Matched route "{route}". {"route":"POST_login","route_parameters":{"_controller":"[object] (Closure: {})","_route":"POST_login"},"request_uri":"http://localhost:8000/login","method":"POST"} []
[2018-05-22 17:42:58] app.DEBUG: > POST /login [] []
[2018-05-22 17:42:58] app.INFO: Login nok topica 123  /home/huynq12/projects/github/icovn/topica-code-challenge/php-framework/silex/app/../ [] []
[2018-05-22 17:42:58] app.DEBUG: < 200 [] []
[2018-05-22 17:43:12] app.INFO: Matched route "{route}". {"route":"POST_login","route_parameters":{"_controller":"[object] (Closure: {})","_route":"POST_login"},"request_uri":"http://localhost:8000/login","method":"POST"} []
[2018-05-22 17:43:12] app.DEBUG: > POST /login [] []
[2018-05-22 17:43:12] app.INFO: Login nok topica 123  /home/huynq12/projects/github/icovn/topica-code-challenge/php-framework/silex/app/../ [] []
[2018-05-22 17:43:12] app.DEBUG: < 200 [] []
[2018-05-22 17:43:36] app.INFO: Matched route "{route}". {"route":"POST_login","route_parameters":{"_controller":"[object] (Closure: {})","_route":"POST_login"},"request_uri":"http://localhost:8000/login","method":"POST"} []
[2018-05-22 17:43:36] app.DEBUG: > POST /login [] []
[2018-05-22 17:43:36] app.INFO: Login nok test 123  /home/huynq12/projects/github/icovn/topica-code-challenge/php-framework/silex/app/../ [] []
[2018-05-22 17:43:36] app.DEBUG: < 200 [] []
[2018-05-22 17:47:42] app.INFO: Matched route "{route}". {"route":"POST_login","route_parameters":{"_controller":"[object] (Closure: {})","_route":"POST_login"},"request_uri":"http://localhost:8000/login","method":"POST"} []
[2018-05-22 17:47:42] app.DEBUG: > POST /login [] []
[2018-05-22 17:47:42] app.INFO: Login nok test 123  /home/huynq12/projects/github/icovn/topica-code-challenge/php-framework/silex/app/../ [] []
[2018-05-22 17:47:42] app.DEBUG: < 200 [] []
[2018-05-22 17:47:44] app.INFO: Matched route "{route}". {"route":"POST_login","route_parameters":{"_controller":"[object] (Closure: {})","_route":"POST_login"},"request_uri":"http://localhost:8000/login","method":"POST"} []
[2018-05-22 17:47:44] app.DEBUG: > POST /login [] []
[2018-05-22 17:47:44] app.INFO: Login nok test 123  /home/huynq12/projects/github/icovn/topica-code-challenge/php-framework/silex/app/../ [] []
[2018-05-22 17:47:44] app.DEBUG: < 200 [] []
[2018-05-22 17:47:47] app.INFO: Matched route "{route}". {"route":"POST_login","route_parameters":{"_controller":"[object] (Closure: {})","_route":"POST_login"},"request_uri":"http://localhost:8000/login","method":"POST"} []
[2018-05-22 17:47:47] app.DEBUG: > POST /login [] []
[2018-05-22 17:47:47] app.INFO: Login nok test 123  /home/huynq12/projects/github/icovn/topica-code-challenge/php-framework/silex/app/../ [] []
[2018-05-22 17:47:47] app.DEBUG: < 200 [] []
[2018-05-22 18:06:08] app.INFO: Matched route "{route}". {"route":"GET_login","route_parameters":{"_controller":"[object] (Closure: {})","_route":"GET_login"},"request_uri":"http://localhost:8000/login","method":"GET"} []
[2018-05-22 18:06:08] app.DEBUG: > GET /login [] []
[2018-05-22 18:06:08] app.DEBUG: < 200 [] []
[2018-05-22 18:06:15] app.INFO: Matched route "{route}". {"route":"POST_login","route_parameters":{"_controller":"[object] (Closure: {})","_route":"POST_login"},"request_uri":"http://localhost:8000/login","method":"POST"} []
[2018-05-22 18:06:15] app.DEBUG: > POST /login [] []
[2018-05-22 18:06:15] app.INFO: Login nok test 123  /home/huynq12/projects/github/icovn/topica-code-challenge/php-framework/silex/app/../ [] []
[2018-05-22 18:06:15] app.DEBUG: < 200 [] []
[2018-05-22 18:09:44] app.INFO: Matched route "{route}". {"route":"POST_login","route_parameters":{"_controller":"[object] (Closure: {})","_route":"POST_login"},"request_uri":"http://localhost:8000/login","method":"POST"} []
[2018-05-22 18:09:44] app.DEBUG: > POST /login [] []
[2018-05-22 18:09:44] app.INFO: Login nok test 123  /home/huynq12/projects/github/icovn/topica-code-challenge/php-framework/silex/app/../ [] []
[2018-05-22 18:09:44] app.DEBUG: < 200 [] []
[2018-05-22 18:09:45] app.INFO: Matched route "{route}". {"route":"POST_login","route_parameters":{"_controller":"[object] (Closure: {})","_route":"POST_login"},"request_uri":"http://localhost:8000/login","method":"POST"} []
[2018-05-22 18:09:45] app.DEBUG: > POST /login [] []
[2018-05-22 18:09:45] app.INFO: Login nok test 123  /home/huynq12/projects/github/icovn/topica-code-challenge/php-framework/silex/app/../ [] []
[2018-05-22 18:09:45] app.DEBUG: < 200 [] []
[2018-05-22 18:09:47] app.INFO: Matched route "{route}". {"route":"POST_login","route_parameters":{"_controller":"[object] (Closure: {})","_route":"POST_login"},"request_uri":"http://localhost:8000/login","method":"POST"} []
[2018-05-22 18:09:47] app.DEBUG: > POST /login [] []
[2018-05-22 18:09:47] app.INFO: Login nok test 123  /home/huynq12/projects/github/icovn/topica-code-challenge/php-framework/silex/app/../ [] []
[2018-05-22 18:09:47] app.DEBUG: < 200 [] []
[2018-05-22 18:11:15] app.INFO: Matched route "{route}". {"route":"POST_login","route_parameters":{"_controller":"[object] (Closure: {})","_route":"POST_login"},"request_uri":"http://localhost:8000/login","method":"POST"} []
[2018-05-22 18:11:15] app.DEBUG: > POST /login [] []
[2018-05-22 18:11:15] app.INFO: Login nok test 123  /home/huynq12/projects/github/icovn/topica-code-challenge/php-framework/silex/app/../ [] []
[2018-05-22 18:11:15] app.DEBUG: < 200 [] []
[2018-05-22 18:11:19] app.INFO: Matched route "{route}". {"route":"POST_login","route_parameters":{"_controller":"[object] (Closure: {})","_route":"POST_login"},"request_uri":"http://localhost:8000/login","method":"POST"} []
[2018-05-22 18:11:19] app.DEBUG: > POST /login [] []
[2018-05-22 18:11:19] app.INFO: Login nok tét 123  /home/huynq12/projects/github/icovn/topica-code-challenge/php-framework/silex/app/../ [] []
[2018-05-22 18:11:19] app.DEBUG: < 200 [] []
[2018-05-22 18:11:25] app.INFO: Matched route "{route}". {"route":"POST_login","route_parameters":{"_controller":"[object] (Closure: {})","_route":"POST_login"},"request_uri":"http://localhost:8000/login","method":"POST"} []
[2018-05-22 18:11:25] app.DEBUG: > POST /login [] []
[2018-05-22 18:11:25] app.INFO: Login nok test 123  /home/huynq12/projects/github/icovn/topica-code-challenge/php-framework/silex/app/../ [] []
[2018-05-22 18:11:25] app.DEBUG: < 200 [] []
[2018-05-22 18:15:08] app.INFO: Matched route "{route}". {"route":"POST_login","route_parameters":{"_controller":"[object] (Closure: {})","_route":"POST_login"},"request_uri":"http://localhost:8000/login","method":"POST"} []
[2018-05-22 18:15:08] app.DEBUG: > POST /login [] []
[2018-05-22 18:15:08] app.CRITICAL: Pimple\Exception\UnknownIdentifierException: Identifier "path.base" is not defined. (uncaught exception) at /home/huynq12/projects/github/icovn/topica-code-challenge/php-framework/silex/vendor/pimple/pimple/src/Pimple/Container.php line 101 {"exception":"[object] (Pimple\\Exception\\UnknownIdentifierException(code: 0): Identifier \"path.base\" is not defined. at /home/huynq12/projects/github/icovn/topica-code-challenge/php-framework/silex/vendor/pimple/pimple/src/Pimple/Container.php:101)"} []
[2018-05-22 18:15:08] app.DEBUG: < 500 [] []
[2018-05-22 18:15:20] app.INFO: Matched route "{route}". {"route":"POST_login","route_parameters":{"_controller":"[object] (Closure: {})","_route":"POST_login"},"request_uri":"http://localhost:8000/login","method":"POST"} []
[2018-05-22 18:15:20] app.DEBUG: > POST /login [] []
[2018-05-22 18:15:20] app.CRITICAL: Pimple\Exception\UnknownIdentifierException: Identifier "dotenv.base" is not defined. (uncaught exception) at /home/huynq12/projects/github/icovn/topica-code-challenge/php-framework/silex/vendor/pimple/pimple/src/Pimple/Container.php line 101 {"exception":"[object] (Pimple\\Exception\\UnknownIdentifierException(code: 0): Identifier \"dotenv.base\" is not defined. at /home/huynq12/projects/github/icovn/topica-code-challenge/php-framework/silex/vendor/pimple/pimple/src/Pimple/Container.php:101)"} []
[2018-05-22 18:15:20] app.DEBUG: < 500 [] []
[2018-05-22 18:15:26] app.INFO: Matched route "{route}". {"route":"POST_login","route_parameters":{"_controller":"[object] (Closure: {})","_route":"POST_login"},"request_uri":"http://localhost:8000/login","method":"POST"} []
[2018-05-22 18:15:26] app.DEBUG: > POST /login [] []
[2018-05-22 18:15:26] app.INFO: Login nok test 123  Array [] []
[2018-05-22 18:15:26] app.DEBUG: < 200 [] []
[2018-05-22 18:15:29] app.INFO: Matched route "{route}". {"route":"POST_login","route_parameters":{"_controller":"[object] (Closure: {})","_route":"POST_login"},"request_uri":"http://localhost:8000/login","method":"POST"} []
[2018-05-22 18:15:29] app.DEBUG: > POST /login [] []
[2018-05-22 18:15:29] app.INFO: Login nok test 123  Array [] []
[2018-05-22 18:15:29] app.DEBUG: < 200 [] []
[2018-05-22 18:16:16] app.INFO: Matched route "{route}". {"route":"POST_login","route_parameters":{"_controller":"[object] (Closure: {})","_route":"POST_login"},"request_uri":"http://localhost:8000/login","method":"POST"} []
[2018-05-22 18:16:16] app.DEBUG: > POST /login [] []
[2018-05-22 18:16:16] app.INFO: Login nok test 123   [] []
[2018-05-22 18:16:16] app.DEBUG: < 200 [] []
[2018-05-22 18:16:18] app.INFO: Matched route "{route}". {"route":"POST_login","route_parameters":{"_controller":"[object] (Closure: {})","_route":"POST_login"},"request_uri":"http://localhost:8000/login","method":"POST"} []
[2018-05-22 18:16:18] app.DEBUG: > POST /login [] []
[2018-05-22 18:16:18] app.INFO: Login nok test 123   [] []
[2018-05-22 18:16:18] app.DEBUG: < 200 [] []
[2018-05-22 18:16:46] app.INFO: Matched route "{route}". {"route":"POST_login","route_parameters":{"_controller":"[object] (Closure: {})","_route":"POST_login"},"request_uri":"http://localhost:8000/login","method":"POST"} []
[2018-05-22 18:16:46] app.DEBUG: > POST /login [] []
[2018-05-22 18:16:46] app.INFO: Login nok test 123  /home/huynq12/projects/github/icovn/topica-code-challenge/php-framework/silex/app/../ [] []
[2018-05-22 18:16:46] app.DEBUG: < 200 [] []
[2018-05-22 18:16:48] app.INFO: Matched route "{route}". {"route":"POST_login","route_parameters":{"_controller":"[object] (Closure: {})","_route":"POST_login"},"request_uri":"http://localhost:8000/login","method":"POST"} []
[2018-05-22 18:16:48] app.DEBUG: > POST /login [] []
[2018-05-22 18:16:48] app.INFO: Login nok test 123  /home/huynq12/projects/github/icovn/topica-code-challenge/php-framework/silex/app/../ [] []
[2018-05-22 18:16:48] app.DEBUG: < 200 [] []
[2018-05-22 18:17:42] app.INFO: Matched route "{route}". {"route":"POST_login","route_parameters":{"_controller":"[object] (Closure: {})","_route":"POST_login"},"request_uri":"http://localhost:8000/login","method":"POST"} []
[2018-05-22 18:17:42] app.DEBUG: > POST /login [] []
[2018-05-22 18:17:42] app.INFO: Login nok test 123  /home/huynq12/projects/github/icovn/topica-code-challenge/php-framework/silex/app/../ [] []
[2018-05-22 18:17:42] app.DEBUG: < 200 [] []
[2018-05-22 18:17:44] app.INFO: Matched route "{route}". {"route":"POST_login","route_parameters":{"_controller":"[object] (Closure: {})","_route":"POST_login"},"request_uri":"http://localhost:8000/login","method":"POST"} []
[2018-05-22 18:17:44] app.DEBUG: > POST /login [] []
[2018-05-22 18:17:44] app.INFO: Login nok test 123  /home/huynq12/projects/github/icovn/topica-code-challenge/php-framework/silex/app/../ [] []
[2018-05-22 18:17:44] app.DEBUG: < 200 [] []
[2018-05-22 18:23:42] app.INFO: Matched route "{route}". {"route":"POST_login","route_parameters":{"_controller":"[object] (Closure: {})","_route":"POST_login"},"request_uri":"http://localhost:8000/login","method":"POST"} []
[2018-05-22 18:23:42] app.DEBUG: > POST /login [] []
[2018-05-22 18:23:42] app.INFO: Login nok test 123  /home/huynq12/projects/github/icovn/topica-code-challenge/php-framework/silex/app/../ [] []
[2018-05-22 18:23:42] app.DEBUG: < 200 [] []
[2018-05-22 18:23:44] app.INFO: Matched route "{route}". {"route":"POST_login","route_parameters":{"_controller":"[object] (Closure: {})","_route":"POST_login"},"request_uri":"http://localhost:8000/login","method":"POST"} []
[2018-05-22 18:23:44] app.DEBUG: > POST /login [] []
[2018-05-22 18:23:44] app.INFO: Login nok test 123  /home/huynq12/projects/github/icovn/topica-code-challenge/php-framework/silex/app/../ [] []
[2018-05-22 18:23:44] app.DEBUG: < 200 [] []
[2018-05-22 18:26:52] app.INFO: Matched route "{route}". {"route":"POST_login","route_parameters":{"_controller":"[object] (Closure: {})","_route":"POST_login"},"request_uri":"http://localhost:8000/login","method":"POST"} []
[2018-05-22 18:26:52] app.DEBUG: > POST /login [] []
[2018-05-22 18:26:52] app.INFO: Login nok test 123 topica [] []
[2018-05-22 18:26:52] app.DEBUG: < 200 [] []
[2018-05-22 18:26:55] app.INFO: Matched route "{route}". {"route":"POST_login","route_parameters":{"_controller":"[object] (Closure: {})","_route":"POST_login"},"request_uri":"http://localhost:8000/login","method":"POST"} []
[2018-05-22 18:26:55] app.DEBUG: > POST /login [] []
[2018-05-22 18:26:55] app.INFO: Login nok test 123 topica [] []
[2018-05-22 18:26:55] app.DEBUG: < 200 [] []
[2018-05-22 18:27:09] app.INFO: Matched route "{route}". {"route":"POST_login","route_parameters":{"_controller":"[object] (Closure: {})","_route":"POST_login"},"request_uri":"http://localhost:8000/login","method":"POST"} []
[2018-05-22 18:27:09] app.DEBUG: > POST /login [] []
[2018-05-22 18:27:09] app.INFO: Login ok [] []
[2018-05-22 18:27:09] app.DEBUG: < 302 / [] []
[2018-05-22 18:27:09] app.INFO: Matched route "{route}". {"route":"GET_","route_parameters":{"_controller":"[object] (Closure: {})","_route":"GET_"},"request_uri":"http://localhost:8000/","method":"GET"} []
[2018-05-22 18:27:09] app.DEBUG: > GET / [] []
[2018-05-22 18:27:09] app.DEBUG: < 200 [] []
[2018-05-22 18:30:03] app.INFO: Matched route "{route}". {"route":"GET_","route_parameters":{"_controller":"[object] (Closure: {})","_route":"GET_"},"request_uri":"http://localhost:8000/","method":"GET"} []
[2018-05-22 18:30:03] app.DEBUG: > GET / [] []
[2018-05-22 18:30:03] app.DEBUG: < 302 /login [] []
[2018-05-22 18:30:03] app.INFO: Matched route "{route}". {"route":"GET_login","route_parameters":{"_controller":"[object] (Closure: {})","_route":"GET_login"},"request_uri":"http://localhost:8000/login","method":"GET"} []
[2018-05-22 18:30:03] app.DEBUG: > GET /login [] []
[2018-05-22 18:30:03] app.DEBUG: < 200 [] []
[2018-05-22 18:30:06] app.INFO: Matched route "{route}". {"route":"GET_login","route_parameters":{"_controller":"[object] (Closure: {})","_route":"GET_login"},"request_uri":"http://localhost:8000/login","method":"GET"} []
[2018-05-22 18:30:06] app.DEBUG: > GET /login [] []
[2018-05-22 18:30:06] app.DEBUG: < 200 [] []
[2018-05-22 18:30:08] app.INFO: Matched route "{route}". {"route":"POST_login","route_parameters":{"_controller":"[object] (Closure: {})","_route":"POST_login"},"request_uri":"http://localhost:8000/login","method":"POST"} []
[2018-05-22 18:30:08] app.DEBUG: > POST /login [] []
[2018-05-22 18:30:08] app.INFO: Login nok test 123 topica [] []
[2018-05-22 18:30:08] app.DEBUG: < 200 [] []
[2018-05-22 18:30:13] app.INFO: Matched route "{route}". {"route":"POST_login","route_parameters":{"_controller":"[object] (Closure: {})","_route":"POST_login"},"request_uri":"http://localhost:8000/login","method":"POST"} []
[2018-05-22 18:30:13] app.DEBUG: > POST /login [] []
[2018-05-22 18:30:13] app.INFO: Login ok [] []
[2018-05-22 18:30:13] app.DEBUG: < 302 / [] []
[2018-05-22 18:30:13] app.INFO: Matched route "{route}". {"route":"GET_","route_parameters":{"_controller":"[object] (Closure: {})","_route":"GET_"},"request_uri":"http://localhost:8000/","method":"GET"} []
[2018-05-22 18:30:13] app.DEBUG: > GET / [] []
[2018-05-22 18:30:13] app.DEBUG: < 200 [] []
[2018-05-22 18:31:07] app.INFO: Matched route "{route}". {"route":"GET_","route_parameters":{"_controller":"[object] (Closure: {})","_route":"GET_"},"request_uri":"http://localhost:8000/","method":"GET"} []
[2018-05-22 18:31:07] app.DEBUG: > GET / [] []
[2018-05-22 18:31:07] app.DEBUG: < 200 [] []
[2018-05-22 18:31:10] app.INFO: Matched route "{route}". {"route":"GET_logout","route_parameters":{"_controller":"[object] (Closure: {})","_route":"GET_logout"},"request_uri":"http://localhost:8000/logout","method":"GET"} []
[2018-05-22 18:31:10] app.DEBUG: > GET /logout [] []
[2018-05-22 18:31:10] app.DEBUG: < 302 / [] []
[2018-05-22 18:31:10] app.INFO: Matched route "{route}". {"route":"GET_","route_parameters":{"_controller":"[object] (Closure: {})","_route":"GET_"},"request_uri":"http://localhost:8000/","method":"GET"} []
[2018-05-22 18:31:10] app.DEBUG: > GET / [] []
[2018-05-22 18:31:10] app.DEBUG: < 302 /login [] []
[2018-05-22 18:31:10] app.INFO: Matched route "{route}". {"route":"GET_login","route_parameters":{"_controller":"[object] (Closure: {})","_route":"GET_login"},"request_uri":"http://localhost:8000/login","method":"GET"} []
[2018-05-22 18:31:10] app.DEBUG: > GET /login [] []
[2018-05-22 18:31:10] app.DEBUG: < 200 [] []
[2018-05-22 18:31:13] app.INFO: Matched route "{route}". {"route":"POST_login","route_parameters":{"_controller":"[object] (Closure: {})","_route":"POST_login"},"request_uri":"http://localhost:8000/login","method":"POST"} []
[2018-05-22 18:31:13] app.DEBUG: > POST /login [] []
[2018-05-22 18:31:13] app.INFO: Login nok test 123 topica [] []
[2018-05-22 18:31:13] app.DEBUG: < 200 [] []
[2018-05-22 18:31:19] app.INFO: Matched route "{route}". {"route":"POST_login","route_parameters":{"_controller":"[object] (Closure: {})","_route":"POST_login"},"request_uri":"http://localhost:8000/login","method":"POST"} []
[2018-05-22 18:31:19] app.DEBUG: > POST /login [] []
[2018-05-22 18:31:19] app.INFO: Login ok [] []
[2018-05-22 18:31:19] app.DEBUG: < 302 / [] []
[2018-05-22 18:31:19] app.INFO: Matched route "{route}". {"route":"GET_","route_parameters":{"_controller":"[object] (Closure: {})","_route":"GET_"},"request_uri":"http://localhost:8000/","method":"GET"} []
[2018-05-22 18:31:19] app.DEBUG: > GET / [] []
[2018-05-22 18:31:19] app.DEBUG: < 200 [] []
[2018-05-22 18:32:02] app.INFO: Matched route "{route}". {"route":"GET_","route_parameters":{"_controller":"[object] (Closure: {})","_route":"GET_"},"request_uri":"http://localhost:8000/","method":"GET"} []
[2018-05-22 18:32:02] app.DEBUG: > GET / [] []
[2018-05-22 18:32:02] app.DEBUG: < 200 [] []
[2018-05-22 18:32:03] app.INFO: Matched route "{route}". {"route":"GET_logout","route_parameters":{"_controller":"[object] (Closure: {})","_route":"GET_logout"},"request_uri":"http://localhost:8000/logout","method":"GET"} []
[2018-05-22 18:32:03] app.DEBUG: > GET /logout [] []
[2018-05-22 18:32:03] app.DEBUG: < 302 / [] []
[2018-05-22 18:32:03] app.INFO: Matched route "{route}". {"route":"GET_","route_parameters":{"_controller":"[object] (Closure: {})","_route":"GET_"},"request_uri":"http://localhost:8000/","method":"GET"} []
[2018-05-22 18:32:03] app.DEBUG: > GET / [] []
[2018-05-22 18:32:03] app.DEBUG: < 302 /login [] []
[2018-05-22 18:32:03] app.INFO: Matched route "{route}". {"route":"GET_login","route_parameters":{"_controller":"[object] (Closure: {})","_route":"GET_login"},"request_uri":"http://localhost:8000/login","method":"GET"} []
[2018-05-22 18:32:03] app.DEBUG: > GET /login [] []
[2018-05-22 18:32:03] app.CRITICAL: Twig_Error_Runtime: Variable "message" does not exist. (uncaught exception) at /home/huynq12/projects/github/icovn/topica-code-challenge/php-framework/silex/app/views/login.twig line 4 {"exception":"[object] (Twig_Error_Runtime(code: 0): Variable \"message\" does not exist. at /home/huynq12/projects/github/icovn/topica-code-challenge/php-framework/silex/app/views/login.twig:4)"} []
[2018-05-22 18:32:03] app.DEBUG: < 500 [] []
[2018-05-22 18:32:33] app.INFO: Matched route "{route}". {"route":"GET_login","route_parameters":{"_controller":"[object] (Closure: {})","_route":"GET_login"},"request_uri":"http://localhost:8000/login","method":"GET"} []
[2018-05-22 18:32:33] app.DEBUG: > GET /login [] []
[2018-05-22 18:32:33] app.DEBUG: < 200 [] []
[2018-05-22 18:32:36] app.INFO: Matched route "{route}". {"route":"POST_login","route_parameters":{"_controller":"[object] (Closure: {})","_route":"POST_login"},"request_uri":"http://localhost:8000/login","method":"POST"} []
[2018-05-22 18:32:36] app.DEBUG: > POST /login [] []
[2018-05-22 18:32:36] app.INFO: Login nok test 123 topica [] []
[2018-05-22 18:32:36] app.DEBUG: < 200 [] []
[2018-05-22 18:32:42] app.INFO: Matched route "{route}". {"route":"POST_login","route_parameters":{"_controller":"[object] (Closure: {})","_route":"POST_login"},"request_uri":"http://localhost:8000/login","method":"POST"} []
[2018-05-22 18:32:42] app.DEBUG: > POST /login [] []
[2018-05-22 18:32:42] app.INFO: Login ok [] []
[2018-05-22 18:32:42] app.DEBUG: < 302 / [] []
[2018-05-22 18:32:42] app.INFO: Matched route "{route}". {"route":"GET_","route_parameters":{"_controller":"[object] (Closure: {})","_route":"GET_"},"request_uri":"http://localhost:8000/","method":"GET"} []
[2018-05-22 18:32:42] app.DEBUG: > GET / [] []
[2018-05-22 18:32:42] app.DEBUG: < 200 [] []
[2018-05-22 18:32:43] app.INFO: Matched route "{route}". {"route":"GET_logout","route_parameters":{"_controller":"[object] (Closure: {})","_route":"GET_logout"},"request_uri":"http://localhost:8000/logout","method":"GET"} []
[2018-05-22 18:32:43] app.DEBUG: > GET /logout [] []
[2018-05-22 18:32:43] app.DEBUG: < 302 / [] []
[2018-05-22 18:32:43] app.INFO: Matched route "{route}". {"route":"GET_","route_parameters":{"_controller":"[object] (Closure: {})","_route":"GET_"},"request_uri":"http://localhost:8000/","method":"GET"} []
[2018-05-22 18:32:43] app.DEBUG: > GET / [] []
[2018-05-22 18:32:43] app.DEBUG: < 302 /login [] []
[2018-05-22 18:32:43] app.INFO: Matched route "{route}". {"route":"GET_login","route_parameters":{"_controller":"[object] (Closure: {})","_route":"GET_login"},"request_uri":"http://localhost:8000/login","method":"GET"} []
[2018-05-22 18:32:43] app.DEBUG: > GET /login [] []
[2018-05-22 18:32:43] app.DEBUG: < 200 [] []
